 Sun Dec 20 15:20:05 2020

 Command: sortmerna --ref /mnt/EFS/dbs/Greengenes_99/99_otus.fasta,/mnt/EFS/dbs/Greengenes_99/99_otus -e 1.0 --aligned /mnt/EFS/user_uploads/163a091d878b/outputs/otus_picrust/sortmerna_picked_otus/sortmerna_otus -a 1 --id 0.97 --coverage 0.97 --log --otu_map --reads /mnt/EFS/user_uploads/163a091d878b/tmp/SortMeRNAExactMatchFilter83dUxS.fasta --de_novo_otu -v --best 1 --fastx 
 Process pid = 5339
 Parameters summary:
    Index: /mnt/EFS/dbs/Greengenes_99/99_otus
     Seed length = 18
     Pass 1 = 18, Pass 2 = 9, Pass 3 = 3
     Gumbel lambda = 0.600731
     Gumbel K = 0.328131
     Minimal SW score based on E-value = 61
    Number of seeds = 2
    Edges = 4 (as integer)
    SW match = 2
    SW mismatch = -3
    SW gap open penalty = 5
    SW gap extend penalty = 2
    SW ambiguous nucleotide = -3
    SQ tags are not output
    Number of threads = 16
    Reads file = /mnt/EFS/user_uploads/163a091d878b/tmp/SortMeRNAExactMatchFilter83dUxS.fasta

 Results:
    Total reads = 662235
    Total reads for de novo clustering = 105111
    Total reads passing E-value threshold = 661040 (99.82%)
    Total reads failing E-value threshold = 1195 (0.18%)
    Minimum read length = 190
    Maximum read length = 490
    Mean read length = 252
 By database:
    /mnt/EFS/dbs/Greengenes_99/99_otus.fasta		99.82%
 Total reads passing %id and %coverage thresholds = 555929
 Total OTUs = 8095
